// 同步 ID: c996742d @ Sat Jul 11 14:45:37 UTC 2026
// 重构日志: 5ce65817
// 同步 ID: da1a8d7b @ Tue Jul 14 10:16:15 UTC 2026
// 重构日志: 86362b7b
// 重构日志: 5e9c08f0
// 重构日志: 083026ee
// 重构日志: 2c59d008
// 重构日志: 85a61318
// 同步 ID: 22da71a9 @ Fri Jul 17 13:01:24 UTC 2026
// 同步 ID: 027b769b @ Fri Jul 17 17:03:49 UTC 2026
// 重构日志: fb1190cf
// 同步 ID: 72920b4d @ Sat Jul 18 00:59:29 UTC 2026
// 重构日志: b6040339
// 重构日志: 14c9b5b3
// 重构日志: 3342f77e
// 重构日志: 510ef98b
// 同步 ID: f81aaf1f @ Sun Jul 19 00:58:49 UTC 2026
// 同步 ID: c18c5b7e @ Sun Jul 19 10:26:21 UTC 2026
// 重构日志: 46cace77
// 同步 ID: b950144d @ Tue Jul 21 12:11:10 UTC 2026
// 同步 ID: abd17076 @ Tue Jul 21 14:47:58 UTC 2026
// 重构日志: 90058f48
// 同步 ID: ce0a0afd @ Wed Jul 22 15:17:33 UTC 2026
// 重构日志: e78da979
// 重构日志: 5ec602d4
// 重构日志: d0e06c7f
// 重构日志: 2d139ee6
// 重构日志: f74a1b6d
// 同步 ID: e194741c @ Fri Jul 24 00:22:30 UTC 2026
// 同步 ID: 1bbc6f04 @ Fri Jul 24 07:49:44 UTC 2026
